2020-01-07 17:26:47.852+0000 WARN [o.n.i.p.PageCache] The dbms.memory.pagecache.size setting has not been configured. It is recommended that this setting is always explicitly configured, to ensure the system has a balanced configuration. Until then, a computed heuristic value of 3300990976 bytes will be used instead. Run `neo4j-admin memrec` for memory configuration suggestions.
2020-01-07 17:26:48.641+0000 INFO [o.n.g.f.m.e.CommunityEditionModule] No locking implementation specified, defaulting to 'community'
2020-01-07 17:26:49.139+0000 INFO [o.n.g.f.GraphDatabaseFacadeFactory] Creating 'tymczasowaBazaGrafowa' database.
2020-01-07 17:26:49.289+0000 INFO [o.n.k.a.DatabaseAvailabilityGuard] Requirement `Database available` makes database tymczasowaBazaGrafowa unavailable.
2020-01-07 17:26:49.293+0000 INFO [o.n.k.a.DatabaseAvailabilityGuard] Database tymczasowaBazaGrafowa is unavailable.
2020-01-07 17:26:49.337+0000 INFO [o.n.i.d.DiagnosticsManager] --- INITIALIZED diagnostics START ---
2020-01-07 17:26:49.338+0000 INFO [o.n.i.d.DiagnosticsManager] Neo4j Kernel properties:
2020-01-07 17:26:49.338+0000 INFO [o.n.i.d.DiagnosticsManager] unsupported.dbms.directories.neo4j_home=C:\MtxViewer
2020-01-07 17:26:49.338+0000 INFO [o.n.i.d.DiagnosticsManager] dbms.active_database=tymczasowaBazaGrafowa
2020-01-07 17:26:49.338+0000 INFO [o.n.i.d.DiagnosticsManager] unsupported.dbms.directories.databases.root=C:\MtxViewer
2020-01-07 17:26:49.338+0000 INFO [o.n.i.d.DiagnosticsManager] unsupported.dbms.edition=community
2020-01-07 17:26:49.338+0000 INFO [o.n.i.d.DiagnosticsManager] unsupported.dbms.ephemeral=false
2020-01-07 17:26:49.338+0000 INFO [o.n.i.d.DiagnosticsManager] Diagnostics providers:
2020-01-07 17:26:49.338+0000 INFO [o.n.i.d.DiagnosticsManager] org.neo4j.kernel.configuration.Config
2020-01-07 17:26:49.338+0000 INFO [o.n.i.d.DiagnosticsManager] org.neo4j.internal.diagnostics.DiagnosticsManager
2020-01-07 17:26:49.338+0000 INFO [o.n.i.d.DiagnosticsManager] SYSTEM_MEMORY
2020-01-07 17:26:49.338+0000 INFO [o.n.i.d.DiagnosticsManager] JAVA_MEMORY
2020-01-07 17:26:49.338+0000 INFO [o.n.i.d.DiagnosticsManager] OPERATING_SYSTEM
2020-01-07 17:26:49.338+0000 INFO [o.n.i.d.DiagnosticsManager] JAVA_VIRTUAL_MACHINE
2020-01-07 17:26:49.338+0000 INFO [o.n.i.d.DiagnosticsManager] CLASSPATH
2020-01-07 17:26:49.339+0000 INFO [o.n.i.d.DiagnosticsManager] LIBRARY_PATH
2020-01-07 17:26:49.339+0000 INFO [o.n.i.d.DiagnosticsManager] SYSTEM_PROPERTIES
2020-01-07 17:26:49.339+0000 INFO [o.n.i.d.DiagnosticsManager] TIMEZONE_DATABASE
2020-01-07 17:26:49.339+0000 INFO [o.n.i.d.DiagnosticsManager] NETWORK
2020-01-07 17:26:49.339+0000 INFO [o.n.i.d.DiagnosticsManager] System memory information:
2020-01-07 17:26:49.350+0000 INFO [o.n.i.d.DiagnosticsManager] Total Physical memory: 7.91 GB
2020-01-07 17:26:49.350+0000 INFO [o.n.i.d.DiagnosticsManager] Free Physical memory: 852.77 MB
2020-01-07 17:26:49.350+0000 INFO [o.n.i.d.DiagnosticsManager] Committed virtual memory: 462.07 MB
2020-01-07 17:26:49.351+0000 INFO [o.n.i.d.DiagnosticsManager] Total swap space: 15.81 GB
2020-01-07 17:26:49.351+0000 INFO [o.n.i.d.DiagnosticsManager] Free swap space: 7.02 GB
2020-01-07 17:26:49.351+0000 INFO [o.n.i.d.DiagnosticsManager] JVM memory information:
2020-01-07 17:26:49.351+0000 INFO [o.n.i.d.DiagnosticsManager] Free  memory: 84.24 MB
2020-01-07 17:26:49.351+0000 INFO [o.n.i.d.DiagnosticsManager] Total memory: 135.00 MB
2020-01-07 17:26:49.351+0000 INFO [o.n.i.d.DiagnosticsManager] Max   memory: 1.76 GB
2020-01-07 17:26:49.380+0000 INFO [o.n.i.d.DiagnosticsManager] Garbage Collector: PS Scavenge: [PS Eden Space, PS Survivor Space]
2020-01-07 17:26:49.380+0000 INFO [o.n.i.d.DiagnosticsManager] Garbage Collector: PS MarkSweep: [PS Eden Space, PS Survivor Space, PS Old Gen]
2020-01-07 17:26:49.381+0000 INFO [o.n.i.d.DiagnosticsManager] Memory Pool: Code Cache (Non-heap memory): committed=8.38 MB, used=8.33 MB, max=240.00 MB, threshold=0.00 B
2020-01-07 17:26:49.381+0000 INFO [o.n.i.d.DiagnosticsManager] Memory Pool: Metaspace (Non-heap memory): committed=30.50 MB, used=29.25 MB, max=-1.00 B, threshold=0.00 B
2020-01-07 17:26:49.381+0000 INFO [o.n.i.d.DiagnosticsManager] Memory Pool: Compressed Class Space (Non-heap memory): committed=4.00 MB, used=3.74 MB, max=1.00 GB, threshold=0.00 B
2020-01-07 17:26:49.381+0000 INFO [o.n.i.d.DiagnosticsManager] Memory Pool: PS Eden Space (Heap memory): committed=65.00 MB, used=22.61 MB, max=654.50 MB, threshold=?
2020-01-07 17:26:49.381+0000 INFO [o.n.i.d.DiagnosticsManager] Memory Pool: PS Survivor Space (Heap memory): committed=5.00 MB, used=4.98 MB, max=5.00 MB, threshold=?
2020-01-07 17:26:49.383+0000 INFO [o.n.i.d.DiagnosticsManager] Memory Pool: PS Old Gen (Heap memory): committed=65.00 MB, used=23.18 MB, max=1.32 GB, threshold=0.00 B
2020-01-07 17:26:49.383+0000 INFO [o.n.i.d.DiagnosticsManager] Operating system information:
2020-01-07 17:26:49.384+0000 INFO [o.n.i.d.DiagnosticsManager] Operating System: Windows 7; version: 6.1; arch: amd64; cpus: 8
2020-01-07 17:26:49.392+0000 INFO [o.n.i.d.DiagnosticsManager] Process id: 9544@MININT-14M14OJ
2020-01-07 17:26:49.392+0000 INFO [o.n.i.d.DiagnosticsManager] Byte order: LITTLE_ENDIAN
2020-01-07 17:26:49.396+0000 INFO [o.n.i.d.DiagnosticsManager] Local timezone: Europe/Belgrade
2020-01-07 17:26:49.396+0000 INFO [o.n.i.d.DiagnosticsManager] JVM information:
2020-01-07 17:26:49.396+0000 INFO [o.n.i.d.DiagnosticsManager] VM Name: Java HotSpot(TM) 64-Bit Server VM
2020-01-07 17:26:49.396+0000 INFO [o.n.i.d.DiagnosticsManager] VM Vendor: Oracle Corporation
2020-01-07 17:26:49.396+0000 INFO [o.n.i.d.DiagnosticsManager] VM Version: 25.201-b09
2020-01-07 17:26:49.397+0000 INFO [o.n.i.d.DiagnosticsManager] JIT compiler: HotSpot 64-Bit Tiered Compilers
2020-01-07 17:26:49.397+0000 INFO [o.n.i.d.DiagnosticsManager] VM Arguments: [-javaagent:C:\Program Files\JetBrains\IntelliJ IDEA 2019.2\lib\idea_rt.jar=52178:C:\Program Files\JetBrains\IntelliJ IDEA 2019.2\bin, -Dfile.encoding=UTF-8]
2020-01-07 17:26:49.397+0000 INFO [o.n.i.d.DiagnosticsManager] Java classpath:
2020-01-07 17:26:49.456+0000 INFO [o.n.i.d.DiagnosticsManager]  [loader.0] file:/C:/Program%20Files/Java/jdk1.8.0_201/jre/lib/management-agent.jar
2020-01-07 17:26:49.456+0000 INFO [o.n.i.d.DiagnosticsManager]  [classpath + loader.0] file:/C:/Users/Karol/.m2/repository/org/apache/lucene/lucene-codecs/5.5.5/lucene-codecs-5.5.5.jar
2020-01-07 17:26:49.456+0000 INFO [o.n.i.d.DiagnosticsManager]  [classpath] C:\Program Files\Java\jdk1.8.0_201\jre\lib\javaws.jar
2020-01-07 17:26:49.456+0000 INFO [o.n.i.d.DiagnosticsManager]  [classpath + loader.0] file:/C:/Users/Karol/.m2/repository/org/neo4j/neo4j-bolt/3.5.12/neo4j-bolt-3.5.12.jar
2020-01-07 17:26:49.457+0000 INFO [o.n.i.d.DiagnosticsManager]  [classpath + loader.0] file:/C:/Users/Karol/.m2/repository/org/neo4j/neo4j-util-3.5/3.5.12/neo4j-util-3.5-3.5.12.jar
2020-01-07 17:26:49.457+0000 INFO [o.n.i.d.DiagnosticsManager]  [classpath + loader.0] file:/C:/Users/Karol/.m2/repository/org/neo4j/neo4j-common/3.5.12/neo4j-common-3.5.12.jar
2020-01-07 17:26:49.457+0000 INFO [o.n.i.d.DiagnosticsManager]  [loader.0] file:/C:/Program%20Files/Java/jdk1.8.0_201/jre/lib/plugin.jar
2020-01-07 17:26:49.457+0000 INFO [o.n.i.d.DiagnosticsManager]  [classpath + loader.0] file:/C:/MtxViewer/target/classes/
2020-01-07 17:26:49.457+0000 INFO [o.n.i.d.DiagnosticsManager]  [classpath + loader.0] file:/C:/Users/Karol/.m2/repository/org/neo4j/neo4j-cypher-util-3.4/3.4.15/neo4j-cypher-util-3.4-3.4.15.jar
2020-01-07 17:26:49.457+0000 INFO [o.n.i.d.DiagnosticsManager]  [bootstrap + classpath] C:\Program Files\Java\jdk1.8.0_201\jre\lib\jfr.jar
2020-01-07 17:26:49.457+0000 INFO [o.n.i.d.DiagnosticsManager]  [classpath + loader.0] file:/C:/Users/Karol/.m2/repository/org/neo4j/neo4j-graph-matching/3.1.9/neo4j-graph-matching-3.1.9.jar
2020-01-07 17:26:49.457+0000 INFO [o.n.i.d.DiagnosticsManager]  [classpath + loader.0] file:/C:/Users/Karol/.m2/repository/org/apache/commons/commons-text/1.4/commons-text-1.4.jar
2020-01-07 17:26:49.457+0000 INFO [o.n.i.d.DiagnosticsManager]  [classpath + loader.0] file:/C:/Users/Karol/.m2/repository/org/eclipse/collections/eclipse-collections/9.2.0/eclipse-collections-9.2.0.jar
2020-01-07 17:26:49.457+0000 INFO [o.n.i.d.DiagnosticsManager]  [classpath + loader.0] file:/C:/Users/Karol/.m2/repository/org/neo4j/neo4j-lucene-upgrade/3.5.12/neo4j-lucene-upgrade-3.5.12.jar
2020-01-07 17:26:49.457+0000 INFO [o.n.i.d.DiagnosticsManager]  [classpath + loader.0] file:/C:/Users/Karol/.m2/repository/net/sf/opencsv/opencsv/2.3/opencsv-2.3.jar
2020-01-07 17:26:49.457+0000 INFO [o.n.i.d.DiagnosticsManager]  [classpath] C:\Program Files\Java\jdk1.8.0_201\jre\lib\ext\cldrdata.jar
2020-01-07 17:26:49.457+0000 INFO [o.n.i.d.DiagnosticsManager]  [classpath + loader.0] file:/C:/Users/Karol/.m2/repository/org/ow2/asm/asm-util/6.2/asm-util-6.2.jar
2020-01-07 17:26:49.457+0000 INFO [o.n.i.d.DiagnosticsManager]  [loader.0] file:/C:/Program%20Files/Java/jdk1.8.0_201/jre/lib/jfr.jar
2020-01-07 17:26:49.457+0000 INFO [o.n.i.d.DiagnosticsManager]  [loader.0] file:/C:/Program%20Files/Java/jdk1.8.0_201/lib/tools.jar
2020-01-07 17:26:49.457+0000 INFO [o.n.i.d.DiagnosticsManager]  [classpath + loader.0] file:/C:/Users/Karol/.m2/repository/org/apache/lucene/lucene-core/5.5.5/lucene-core-5.5.5.jar
2020-01-07 17:26:49.457+0000 INFO [o.n.i.d.DiagnosticsManager]  [classpath + loader.0] file:/C:/Users/Karol/.m2/repository/org/ow2/asm/asm-analysis/6.2/asm-analysis-6.2.jar
2020-01-07 17:26:49.457+0000 INFO [o.n.i.d.DiagnosticsManager]  [loader.0] file:/C:/Program%20Files/Java/jdk1.8.0_201/jre/lib/javaws.jar
2020-01-07 17:26:49.457+0000 INFO [o.n.i.d.DiagnosticsManager]  [classpath + loader.0] file:/C:/Users/Karol/.m2/repository/org/neo4j/neo4j-lucene-index/3.5.12/neo4j-lucene-index-3.5.12.jar
2020-01-07 17:26:49.457+0000 INFO [o.n.i.d.DiagnosticsManager]  [classpath + loader.0] file:/C:/Users/Karol/.m2/repository/org/neo4j/neo4j-spatial-index/3.5.12/neo4j-spatial-index-3.5.12.jar
2020-01-07 17:26:49.457+0000 INFO [o.n.i.d.DiagnosticsManager]  [classpath] C:\Program Files\Java\jdk1.8.0_201\jre\lib\management-agent.jar
2020-01-07 17:26:49.458+0000 INFO [o.n.i.d.DiagnosticsManager]  [classpath + loader.0] file:/C:/Users/Karol/.m2/repository/org/neo4j/neo4j-legacy/3.5.12/neo4j-legacy-3.5.12.jar
2020-01-07 17:26:49.458+0000 INFO [o.n.i.d.DiagnosticsManager]  [classpath] C:\Program Files\JetBrains\IntelliJ IDEA 2019.2\lib\idea_rt.jar
2020-01-07 17:26:49.458+0000 INFO [o.n.i.d.DiagnosticsManager]  [classpath + loader.0] file:/C:/Users/Karol/.m2/repository/org/neo4j/neo4j/3.5.12/neo4j-3.5.12.jar
2020-01-07 17:26:49.458+0000 INFO [o.n.i.d.DiagnosticsManager]  [classpath + loader.0] file:/C:/Users/Karol/.m2/repository/org/neo4j/neo4j-data-collector/3.5.12/neo4j-data-collector-3.5.12.jar
2020-01-07 17:26:49.458+0000 INFO [o.n.i.d.DiagnosticsManager]  [loader.0] file:/C:/Program%20Files/Java/jdk1.8.0_201/jre/lib/deploy.jar
2020-01-07 17:26:49.458+0000 INFO [o.n.i.d.DiagnosticsManager]  [bootstrap + classpath] C:\Program Files\Java\jdk1.8.0_201\jre\lib\charsets.jar
2020-01-07 17:26:49.458+0000 INFO [o.n.i.d.DiagnosticsManager]  [bootstrap + classpath] C:\Program Files\Java\jdk1.8.0_201\jre\lib\jsse.jar
2020-01-07 17:26:49.458+0000 INFO [o.n.i.d.DiagnosticsManager]  [classpath + loader.0] file:/C:/Users/Karol/.m2/repository/io/netty/netty-all/4.1.32.Final/netty-all-4.1.32.Final.jar
2020-01-07 17:26:49.458+0000 INFO [o.n.i.d.DiagnosticsManager]  [loader.1] file:/C:/Program%20Files/Java/jdk1.8.0_201/jre/lib/ext/sunjce_provider.jar
2020-01-07 17:26:49.458+0000 INFO [o.n.i.d.DiagnosticsManager]  [classpath] C:\Program Files\Java\jdk1.8.0_201\jre\lib\ext\sunec.jar
2020-01-07 17:26:49.458+0000 INFO [o.n.i.d.DiagnosticsManager]  [classpath + loader.0] file:/C:/Users/Karol/.m2/repository/com/profesorfalken/WMI4Java/1.6.1/WMI4Java-1.6.1.jar
2020-01-07 17:26:49.458+0000 INFO [o.n.i.d.DiagnosticsManager]  [classpath] C:\Program Files\Java\jdk1.8.0_201\jre\lib\ext\sunmscapi.jar
2020-01-07 17:26:49.458+0000 INFO [o.n.i.d.DiagnosticsManager]  [classpath + loader.0] file:/C:/Users/Karol/.m2/repository/org/neo4j/neo4j-kernel-api/3.5.12/neo4j-kernel-api-3.5.12.jar
2020-01-07 17:26:49.458+0000 INFO [o.n.i.d.DiagnosticsManager]  [classpath + loader.0] file:/C:/Users/Karol/.m2/repository/org/eclipse/collections/eclipse-collections-api/9.2.0/eclipse-collections-api-9.2.0.jar
2020-01-07 17:26:49.458+0000 INFO [o.n.i.d.DiagnosticsManager]  [loader.0] file:/C:/Program%20Files/JetBrains/IntelliJ%20IDEA%202019.2/lib/idea_rt.jar
2020-01-07 17:26:49.458+0000 INFO [o.n.i.d.DiagnosticsManager]  [bootstrap] C:\Program Files\Java\jdk1.8.0_201\jre\classes
2020-01-07 17:26:49.458+0000 INFO [o.n.i.d.DiagnosticsManager]  [classpath + loader.0] file:/C:/Users/Karol/.m2/repository/org/neo4j/neo4j-unsafe/3.5.12/neo4j-unsafe-3.5.12.jar
2020-01-07 17:26:49.458+0000 INFO [o.n.i.d.DiagnosticsManager]  [classpath + loader.0] file:/C:/Users/Karol/.m2/repository/org/neo4j/neo4j-ssl/3.5.12/neo4j-ssl-3.5.12.jar
2020-01-07 17:26:49.458+0000 INFO [o.n.i.d.DiagnosticsManager]  [classpath + loader.0] file:/C:/Users/Karol/.m2/repository/org/apache/commons/commons-lang3/3.8/commons-lang3-3.8.jar
2020-01-07 17:26:49.458+0000 INFO [o.n.i.d.DiagnosticsManager]  [classpath + loader.0] file:/C:/Users/Karol/.m2/repository/org/apache/lucene/lucene-queryparser/5.5.5/lucene-queryparser-5.5.5.jar
2020-01-07 17:26:49.458+0000 INFO [o.n.i.d.DiagnosticsManager]  [loader.0] file:/C:/Program%20Files/Java/jdk1.8.0_201/jre/lib/jfxswt.jar
2020-01-07 17:26:49.458+0000 INFO [o.n.i.d.DiagnosticsManager]  [classpath + loader.0] file:/C:/Users/Karol/.m2/repository/org/neo4j/neo4j-expressions-3.5/3.5.12/neo4j-expressions-3.5-3.5.12.jar
2020-01-07 17:26:49.458+0000 INFO [o.n.i.d.DiagnosticsManager]  [classpath + loader.0] file:/C:/Users/Karol/.m2/repository/org/neo4j/neo4j-kernel/3.5.12/neo4j-kernel-3.5.12.jar
2020-01-07 17:26:49.458+0000 INFO [o.n.i.d.DiagnosticsManager]  [classpath + loader.0] file:/C:/Users/Karol/.m2/repository/org/neo4j/licensing-proxy/zstd-proxy/3.5.12/zstd-proxy-3.5.12.jar
2020-01-07 17:26:49.458+0000 INFO [o.n.i.d.DiagnosticsManager]  [classpath + loader.0] file:/C:/Users/Karol/.m2/repository/org/neo4j/neo4j-dbms/3.5.12/neo4j-dbms-3.5.12.jar
2020-01-07 17:26:49.459+0000 INFO [o.n.i.d.DiagnosticsManager]  [classpath + loader.0] file:/C:/Users/Karol/.m2/repository/org/neo4j/neo4j-jmx/3.5.12/neo4j-jmx-3.5.12.jar
2020-01-07 17:26:49.459+0000 INFO [o.n.i.d.DiagnosticsManager]  [classpath + loader.0] file:/C:/Users/Karol/.m2/repository/org/neo4j/neo4j-ast-3.5/3.5.12/neo4j-ast-3.5-3.5.12.jar
2020-01-07 17:26:49.459+0000 INFO [o.n.i.d.DiagnosticsManager]  [bootstrap + classpath] C:\Program Files\Java\jdk1.8.0_201\jre\lib\rt.jar
2020-01-07 17:26:49.459+0000 INFO [o.n.i.d.DiagnosticsManager]  [classpath + loader.0] file:/C:/Users/Karol/.m2/repository/org/neo4j/neo4j-procedure-api/3.5.12/neo4j-procedure-api-3.5.12.jar
2020-01-07 17:26:49.459+0000 INFO [o.n.i.d.DiagnosticsManager]  [classpath] C:\Program Files\Java\jdk1.8.0_201\jre\lib\plugin.jar
2020-01-07 17:26:49.459+0000 INFO [o.n.i.d.DiagnosticsManager]  [classpath + loader.0] file:/C:/Users/Karol/.m2/repository/org/neo4j/neo4j-annotation-processors/3.5.12/neo4j-annotation-processors-3.5.12.jar
2020-01-07 17:26:49.459+0000 INFO [o.n.i.d.DiagnosticsManager]  [classpath] C:\Program Files\Java\jdk1.8.0_201\jre\lib\ext\sunpkcs11.jar
2020-01-07 17:26:49.459+0000 INFO [o.n.i.d.DiagnosticsManager]  [loader.1] file:/C:/Program%20Files/Java/jdk1.8.0_201/jre/lib/ext/sunec.jar
2020-01-07 17:26:49.459+0000 INFO [o.n.i.d.DiagnosticsManager]  [classpath] C:\Program Files\Java\jdk1.8.0_201\lib\tools.jar
2020-01-07 17:26:49.459+0000 INFO [o.n.i.d.DiagnosticsManager]  [classpath + loader.0] file:/C:/Users/Karol/.m2/repository/org/neo4j/neo4j-rewriting-3.5/3.5.12/neo4j-rewriting-3.5-3.5.12.jar
2020-01-07 17:26:49.459+0000 INFO [o.n.i.d.DiagnosticsManager]  [classpath + loader.0] file:/C:/Users/Karol/.m2/repository/org/ow2/asm/asm/6.2/asm-6.2.jar
2020-01-07 17:26:49.459+0000 INFO [o.n.i.d.DiagnosticsManager]  [classpath + loader.0] file:/C:/Users/Karol/.m2/repository/org/neo4j/neo4j-import-tool/3.5.12/neo4j-import-tool-3.5.12.jar
2020-01-07 17:26:49.459+0000 INFO [o.n.i.d.DiagnosticsManager]  [classpath] C:\Program Files\Java\jdk1.8.0_201\jre\lib\jfxswt.jar
2020-01-07 17:26:49.459+0000 INFO [o.n.i.d.DiagnosticsManager]  [loader.0] file:/C:/Program%20Files/Java/jdk1.8.0_201/jre/lib/resources.jar
2020-01-07 17:26:49.459+0000 INFO [o.n.i.d.DiagnosticsManager]  [loader.1] file:/C:/Program%20Files/Java/jdk1.8.0_201/jre/lib/ext/cldrdata.jar
2020-01-07 17:26:49.459+0000 INFO [o.n.i.d.DiagnosticsManager]  [classpath + loader.0] file:/C:/Users/Karol/.m2/repository/org/neo4j/neo4j-configuration/3.5.12/neo4j-configuration-3.5.12.jar
2020-01-07 17:26:49.459+0000 INFO [o.n.i.d.DiagnosticsManager]  [loader.0] file:/C:/Program%20Files/Java/jdk1.8.0_201/jre/lib/rt.jar
2020-01-07 17:26:49.459+0000 INFO [o.n.i.d.DiagnosticsManager]  [classpath] C:\Program Files\Java\jdk1.8.0_201\jre\lib\ext\dnsns.jar
2020-01-07 17:26:49.459+0000 INFO [o.n.i.d.DiagnosticsManager]  [classpath + loader.0] file:/C:/Users/Karol/.m2/repository/org/ow2/asm/asm-tree/6.2/asm-tree-6.2.jar
2020-01-07 17:26:49.459+0000 INFO [o.n.i.d.DiagnosticsManager]  [classpath + loader.0] file:/C:/Users/Karol/.m2/repository/org/neo4j/neo4j-cypher-planner-3.5/3.5.12/neo4j-cypher-planner-3.5-3.5.12.jar
2020-01-07 17:26:49.459+0000 INFO [o.n.i.d.DiagnosticsManager]  [bootstrap] C:\Program Files\Java\jdk1.8.0_201\jre\lib\sunrsasign.jar
2020-01-07 17:26:49.459+0000 INFO [o.n.i.d.DiagnosticsManager]  [classpath + loader.0] file:/C:/Users/Karol/.m2/repository/org/neo4j/neo4j-udc/3.5.12/neo4j-udc-3.5.12.jar
2020-01-07 17:26:49.459+0000 INFO [o.n.i.d.DiagnosticsManager]  [classpath + loader.0] file:/C:/Users/Karol/.m2/repository/org/neo4j/neo4j-front-end-3.5/3.5.12/neo4j-front-end-3.5-3.5.12.jar
2020-01-07 17:26:49.459+0000 INFO [o.n.i.d.DiagnosticsManager]  [classpath + loader.0] file:/C:/Users/Karol/.m2/repository/com/github/luben/zstd-jni/1.3.8-6/zstd-jni-1.3.8-6.jar
2020-01-07 17:26:49.460+0000 INFO [o.n.i.d.DiagnosticsManager]  [classpath + loader.0] file:/C:/Users/Karol/.m2/repository/org/neo4j/neo4j-cypher-frontend-2.3/2.3.12/neo4j-cypher-frontend-2.3-2.3.12.jar
2020-01-07 17:26:49.460+0000 INFO [o.n.i.d.DiagnosticsManager]  [loader.1] file:/C:/Program%20Files/Java/jdk1.8.0_201/jre/lib/ext/sunmscapi.jar
2020-01-07 17:26:49.460+0000 INFO [o.n.i.d.DiagnosticsManager]  [classpath + loader.0] file:/C:/Users/Karol/.m2/repository/org/neo4j/neo4j-diagnostics/3.5.12/neo4j-diagnostics-3.5.12.jar
2020-01-07 17:26:49.460+0000 INFO [o.n.i.d.DiagnosticsManager]  [classpath + loader.0] file:/C:/Users/Karol/.m2/repository/org/apache/commons/commons-compress/1.19/commons-compress-1.19.jar
2020-01-07 17:26:49.460+0000 INFO [o.n.i.d.DiagnosticsManager]  [classpath] C:\Program Files\Java\jdk1.8.0_201\jre\lib\ext\localedata.jar
2020-01-07 17:26:49.460+0000 INFO [o.n.i.d.DiagnosticsManager]  [classpath + loader.0] file:/C:/Users/Karol/.m2/repository/org/neo4j/neo4j-cypher-ir-3.4/3.4.15/neo4j-cypher-ir-3.4-3.4.15.jar
2020-01-07 17:26:49.460+0000 INFO [o.n.i.d.DiagnosticsManager]  [classpath + loader.0] file:/C:/Users/Karol/.m2/repository/com/googlecode/concurrentlinkedhashmap/concurrentlinkedhashmap-lru/1.4.2/concurrentlinkedhashmap-lru-1.4.2.jar
2020-01-07 17:26:49.460+0000 INFO [o.n.i.d.DiagnosticsManager]  [classpath + loader.0] file:/C:/Users/Karol/.m2/repository/org/neo4j/neo4j-cypher/3.5.12/neo4j-cypher-3.5.12.jar
2020-01-07 17:26:49.460+0000 INFO [o.n.i.d.DiagnosticsManager]  [classpath + loader.0] file:/C:/Users/Karol/.m2/repository/org/bouncycastle/bcpkix-jdk15on/1.60/bcpkix-jdk15on-1.60.jar
2020-01-07 17:26:49.460+0000 INFO [o.n.i.d.DiagnosticsManager]  [loader.0] file:/C:/Program%20Files/Java/jdk1.8.0_201/jre/lib/jsse.jar
2020-01-07 17:26:49.460+0000 INFO [o.n.i.d.DiagnosticsManager]  [classpath + loader.0] file:/C:/Users/Karol/.m2/repository/org/neo4j/neo4j-collections/3.5.12/neo4j-collections-3.5.12.jar
2020-01-07 17:26:49.460+0000 INFO [o.n.i.d.DiagnosticsManager]  [classpath + loader.0] file:/C:/Users/Karol/.m2/repository/org/neo4j/openCypher-frontend-1/3.4.15/openCypher-frontend-1-3.4.15.jar
2020-01-07 17:26:49.460+0000 INFO [o.n.i.d.DiagnosticsManager]  [classpath + loader.0] file:/C:/Users/Karol/.m2/repository/org/neo4j/neo4j-cypher-compiler-3.1/3.1.9/neo4j-cypher-compiler-3.1-3.1.9.jar
2020-01-07 17:26:49.460+0000 INFO [o.n.i.d.DiagnosticsManager]  [classpath] C:\Program Files\Java\jdk1.8.0_201\jre\lib\ext\sunjce_provider.jar
2020-01-07 17:26:49.460+0000 INFO [o.n.i.d.DiagnosticsManager]  [classpath + loader.0] file:/C:/Users/Karol/.m2/repository/org/neo4j/neo4j-cypher-frontend-3.1/3.1.9/neo4j-cypher-frontend-3.1-3.1.9.jar
2020-01-07 17:26:49.460+0000 INFO [o.n.i.d.DiagnosticsManager]  [classpath + loader.0] file:/C:/Users/Karol/.m2/repository/org/neo4j/neo4j-command-line/3.5.12/neo4j-command-line-3.5.12.jar
2020-01-07 17:26:49.460+0000 INFO [o.n.i.d.DiagnosticsManager]  [loader.1] file:/C:/Program%20Files/Java/jdk1.8.0_201/jre/lib/ext/sunpkcs11.jar
2020-01-07 17:26:49.460+0000 INFO [o.n.i.d.DiagnosticsManager]  [classpath + loader.0] file:/C:/Users/Karol/.m2/repository/org/neo4j/neo4j-graph-algo/3.5.12/neo4j-graph-algo-3.5.12.jar
2020-01-07 17:26:49.460+0000 INFO [o.n.i.d.DiagnosticsManager]  [classpath + loader.0] file:/C:/Users/Karol/.m2/repository/org/scala-lang/scala-library/2.11.12/scala-library-2.11.12.jar
2020-01-07 17:26:49.460+0000 INFO [o.n.i.d.DiagnosticsManager]  [classpath + loader.0] file:/C:/Users/Karol/.m2/repository/org/neo4j/neo4j-cypher-compiler-2.3/2.3.12/neo4j-cypher-compiler-2.3-2.3.12.jar
2020-01-07 17:26:49.460+0000 INFO [o.n.i.d.DiagnosticsManager]  [loader.1] file:/C:/Program%20Files/Java/jdk1.8.0_201/jre/lib/ext/jaccess.jar
2020-01-07 17:26:49.460+0000 INFO [o.n.i.d.DiagnosticsManager]  [classpath + loader.0] file:/C:/Users/Karol/.m2/repository/org/neo4j/neo4j-cypher-runtime-util/3.5.12/neo4j-cypher-runtime-util-3.5.12.jar
2020-01-07 17:26:49.460+0000 INFO [o.n.i.d.DiagnosticsManager]  [classpath + loader.0] file:/C:/Users/Karol/.m2/repository/org/neo4j/neo4j-cypher-interpreted-runtime/3.5.12/neo4j-cypher-interpreted-runtime-3.5.12.jar
2020-01-07 17:26:49.460+0000 INFO [o.n.i.d.DiagnosticsManager]  [loader.1] file:/C:/Program%20Files/Java/jdk1.8.0_201/jre/lib/ext/access-bridge-64.jar
2020-01-07 17:26:49.460+0000 INFO [o.n.i.d.DiagnosticsManager]  [classpath] C:\Program Files\Java\jdk1.8.0_201\jre\lib\deploy.jar
2020-01-07 17:26:49.460+0000 INFO [o.n.i.d.DiagnosticsManager]  [classpath + loader.0] file:/C:/Users/Karol/.m2/repository/org/parboiled/parboiled-scala_2.11/1.1.7/parboiled-scala_2.11-1.1.7.jar
2020-01-07 17:26:49.460+0000 INFO [o.n.i.d.DiagnosticsManager]  [classpath + loader.0] file:/C:/Users/Karol/.m2/repository/com/profesorfalken/jPowerShell/1.9/jPowerShell-1.9.jar
2020-01-07 17:26:49.461+0000 INFO [o.n.i.d.DiagnosticsManager]  [loader.0] file:/C:/Program%20Files/Java/jdk1.8.0_201/jre/lib/charsets.jar
2020-01-07 17:26:49.461+0000 INFO [o.n.i.d.DiagnosticsManager]  [classpath + loader.0] file:/C:/Users/Karol/.m2/repository/org/neo4j/neo4j-cypher-logical-plans-3.5/3.5.12/neo4j-cypher-logical-plans-3.5-3.5.12.jar
2020-01-07 17:26:49.461+0000 INFO [o.n.i.d.DiagnosticsManager]  [classpath + loader.0] file:/C:/Users/Karol/.m2/repository/org/neo4j/neo4j-consistency-check/3.5.12/neo4j-consistency-check-3.5.12.jar
2020-01-07 17:26:49.461+0000 INFO [o.n.i.d.DiagnosticsManager]  [classpath + loader.0] file:/C:/Users/Karol/.m2/repository/org/apache/lucene/lucene-analyzers-common/5.5.5/lucene-analyzers-common-5.5.5.jar
2020-01-07 17:26:49.461+0000 INFO [o.n.i.d.DiagnosticsManager]  [classpath + loader.0] file:/C:/Users/Karol/.m2/repository/org/neo4j/neo4j-index/3.5.12/neo4j-index-3.5.12.jar
2020-01-07 17:26:49.461+0000 INFO [o.n.i.d.DiagnosticsManager]  [classpath + loader.0] file:/C:/Users/Karol/.m2/repository/org/neo4j/neo4j-resource/3.5.12/neo4j-resource-3.5.12.jar
2020-01-07 17:26:49.461+0000 INFO [o.n.i.d.DiagnosticsManager]  [loader.1] file:/C:/Program%20Files/Java/jdk1.8.0_201/jre/lib/ext/localedata.jar
2020-01-07 17:26:49.461+0000 INFO [o.n.i.d.DiagnosticsManager]  [loader.1] file:/C:/Program%20Files/Java/jdk1.8.0_201/jre/lib/ext/nashorn.jar
2020-01-07 17:26:49.461+0000 INFO [o.n.i.d.DiagnosticsManager]  [classpath + loader.0] file:/C:/Users/Karol/.m2/repository/org/neo4j/neo4j-cypher-planner-spi-3.4/3.4.15/neo4j-cypher-planner-spi-3.4-3.4.15.jar
2020-01-07 17:26:49.461+0000 INFO [o.n.i.d.DiagnosticsManager]  [classpath + loader.0] file:/C:/Users/Karol/.m2/repository/org/neo4j/neo4j-cypher-logical-plans-3.4/3.4.15/neo4j-cypher-logical-plans-3.4-3.4.15.jar
2020-01-07 17:26:49.461+0000 INFO [o.n.i.d.DiagnosticsManager]  [loader.0] file:/C:/Program%20Files/Java/jdk1.8.0_201/jre/lib/jce.jar
2020-01-07 17:26:49.461+0000 INFO [o.n.i.d.DiagnosticsManager]  [classpath + loader.0] file:/C:/Users/Karol/.m2/repository/org/neo4j/neo4j-concurrent/3.5.12/neo4j-concurrent-3.5.12.jar
2020-01-07 17:26:49.461+0000 INFO [o.n.i.d.DiagnosticsManager]  [classpath + loader.0] file:/C:/Users/Karol/.m2/repository/org/scala-lang/scala-reflect/2.11.12/scala-reflect-2.11.12.jar
2020-01-07 17:26:49.461+0000 INFO [o.n.i.d.DiagnosticsManager]  [loader.1] file:/C:/Program%20Files/Java/jdk1.8.0_201/jre/lib/ext/jfxrt.jar
2020-01-07 17:26:49.461+0000 INFO [o.n.i.d.DiagnosticsManager]  [loader.1] file:/C:/Program%20Files/Java/jdk1.8.0_201/jre/lib/ext/dnsns.jar
2020-01-07 17:26:49.461+0000 INFO [o.n.i.d.DiagnosticsManager]  [classpath] C:\Program Files\Java\jdk1.8.0_201\jre\lib\ext\access-bridge-64.jar
2020-01-07 17:26:49.461+0000 INFO [o.n.i.d.DiagnosticsManager]  [bootstrap + classpath] C:\Program Files\Java\jdk1.8.0_201\jre\lib\jce.jar
2020-01-07 17:26:49.461+0000 INFO [o.n.i.d.DiagnosticsManager]  [classpath + loader.0] file:/C:/Users/Karol/.m2/repository/org/neo4j/neo4j-cypher-expression-3.4/3.4.15/neo4j-cypher-expression-3.4-3.4.15.jar
2020-01-07 17:26:49.461+0000 INFO [o.n.i.d.DiagnosticsManager]  [classpath] C:\Program Files\Java\jdk1.8.0_201\jre\lib\ext\jfxrt.jar
2020-01-07 17:26:49.461+0000 INFO [o.n.i.d.DiagnosticsManager]  [classpath] C:\Program Files\Java\jdk1.8.0_201\jre\lib\ext\zipfs.jar
2020-01-07 17:26:49.461+0000 INFO [o.n.i.d.DiagnosticsManager]  [classpath + loader.0] file:/C:/Users/Karol/.m2/repository/org/neo4j/neo4j-logging/3.5.12/neo4j-logging-3.5.12.jar
2020-01-07 17:26:49.461+0000 INFO [o.n.i.d.DiagnosticsManager]  [classpath + loader.0] file:/C:/Users/Karol/.m2/repository/org/neo4j/neo4j-graphdb-api/3.5.12/neo4j-graphdb-api-3.5.12.jar
2020-01-07 17:26:49.461+0000 INFO [o.n.i.d.DiagnosticsManager]  [bootstrap + classpath] C:\Program Files\Java\jdk1.8.0_201\jre\lib\resources.jar
2020-01-07 17:26:49.461+0000 INFO [o.n.i.d.DiagnosticsManager]  [classpath + loader.0] file:/C:/Users/Karol/.m2/repository/org/neo4j/neo4j-cypher-planner-spi-3.5/3.5.12/neo4j-cypher-planner-spi-3.5-3.5.12.jar
2020-01-07 17:26:49.462+0000 INFO [o.n.i.d.DiagnosticsManager]  [classpath + loader.0] file:/C:/Users/Karol/.m2/repository/org/bouncycastle/bcprov-jdk15on/1.60/bcprov-jdk15on-1.60.jar
2020-01-07 17:26:49.462+0000 INFO [o.n.i.d.DiagnosticsManager]  [classpath] C:\Program Files\Java\jdk1.8.0_201\jre\lib\ext\nashorn.jar
2020-01-07 17:26:49.462+0000 INFO [o.n.i.d.DiagnosticsManager]  [classpath + loader.0] file:/C:/Users/Karol/.m2/repository/org/jprocesses/jProcesses/1.6.4/jProcesses-1.6.4.jar
2020-01-07 17:26:49.462+0000 INFO [o.n.i.d.DiagnosticsManager]  [classpath + loader.0] file:/C:/Users/Karol/.m2/repository/org/neo4j/neo4j-cypher-ir-3.5/3.5.12/neo4j-cypher-ir-3.5-3.5.12.jar
2020-01-07 17:26:49.462+0000 INFO [o.n.i.d.DiagnosticsManager]  [classpath + loader.0] file:/C:/Users/Karol/.m2/repository/org/neo4j/neo4j-cypher-planner-3.4/3.4.15/neo4j-cypher-planner-3.4-3.4.15.jar
2020-01-07 17:26:49.462+0000 INFO [o.n.i.d.DiagnosticsManager]  [classpath + loader.0] file:/C:/Users/Karol/.m2/repository/org/neo4j/neo4j-values/3.5.12/neo4j-values-3.5.12.jar
2020-01-07 17:26:49.462+0000 INFO [o.n.i.d.DiagnosticsManager]  [classpath + loader.0] file:/C:/Users/Karol/.m2/repository/org/neo4j/neo4j-codegen/3.5.12/neo4j-codegen-3.5.12.jar
2020-01-07 17:26:49.462+0000 INFO [o.n.i.d.DiagnosticsManager]  [classpath] C:\Program Files\Java\jdk1.8.0_201\jre\lib\ext\jaccess.jar
2020-01-07 17:26:49.462+0000 INFO [o.n.i.d.DiagnosticsManager]  [classpath + loader.0] file:/C:/Users/Karol/.m2/repository/org/neo4j/neo4j-fulltext-index/3.5.12/neo4j-fulltext-index-3.5.12.jar
2020-01-07 17:26:49.462+0000 INFO [o.n.i.d.DiagnosticsManager]  [classpath + loader.0] file:/C:/Users/Karol/.m2/repository/org/neo4j/neo4j-io/3.5.12/neo4j-io-3.5.12.jar
2020-01-07 17:26:49.462+0000 INFO [o.n.i.d.DiagnosticsManager]  [classpath + loader.0] file:/C:/Users/Karol/.m2/repository/com/github/ben-manes/caffeine/caffeine/2.3.3/caffeine-2.3.3.jar
2020-01-07 17:26:49.462+0000 INFO [o.n.i.d.DiagnosticsManager]  [loader.1] file:/C:/Program%20Files/Java/jdk1.8.0_201/jre/lib/ext/zipfs.jar
2020-01-07 17:26:49.462+0000 INFO [o.n.i.d.DiagnosticsManager]  [classpath + loader.0] file:/C:/Users/Karol/.m2/repository/org/neo4j/neo4j-csv/3.5.12/neo4j-csv-3.5.12.jar
2020-01-07 17:26:49.462+0000 INFO [o.n.i.d.DiagnosticsManager]  [classpath + loader.0] file:/C:/Users/Karol/.m2/repository/org/neo4j/neo4j-parser-3.5/3.5.12/neo4j-parser-3.5-3.5.12.jar
2020-01-07 17:26:49.462+0000 INFO [o.n.i.d.DiagnosticsManager]  [classpath + loader.0] file:/C:/Users/Karol/.m2/repository/org/parboiled/parboiled-core/1.1.7/parboiled-core-1.1.7.jar
2020-01-07 17:26:49.462+0000 INFO [o.n.i.d.DiagnosticsManager] Library path:
2020-01-07 17:26:49.463+0000 INFO [o.n.i.d.DiagnosticsManager] C:\Program Files\Java\jdk1.8.0_201\bin
2020-01-07 17:26:49.463+0000 INFO [o.n.i.d.DiagnosticsManager] C:\Windows\Sun\Java\bin
2020-01-07 17:26:49.463+0000 INFO [o.n.i.d.DiagnosticsManager] C:\Windows\System32
2020-01-07 17:26:49.464+0000 INFO [o.n.i.d.DiagnosticsManager] C:\Windows
2020-01-07 17:26:49.464+0000 INFO [o.n.i.d.DiagnosticsManager] C:\Windows\System32\wbem
2020-01-07 17:26:49.464+0000 INFO [o.n.i.d.DiagnosticsManager] C:\Windows\System32
2020-01-07 17:26:49.465+0000 INFO [o.n.i.d.DiagnosticsManager] C:\MtxViewer\ C:\Windows\System32\WindowsPowerShell\v1.0
2020-01-07 17:26:49.465+0000 INFO [o.n.i.d.DiagnosticsManager] C:\MtxViewer\SystemRoot%\system32
2020-01-07 17:26:49.465+0000 INFO [o.n.i.d.DiagnosticsManager] C:\Program Files\Java\jdk1.8.0_201\bin
2020-01-07 17:26:49.465+0000 INFO [o.n.i.d.DiagnosticsManager] C:\Windows\System32\WindowsPowerShell\v1.0
2020-01-07 17:26:49.466+0000 INFO [o.n.i.d.DiagnosticsManager] C:\Program Files\PowerShell\7-preview\preview
2020-01-07 17:26:49.466+0000 INFO [o.n.i.d.DiagnosticsManager] C:\Windows\System32\WindowsPowerShell\v1.0
2020-01-07 17:26:49.466+0000 INFO [o.n.i.d.DiagnosticsManager] C:\Windows\System32
2020-01-07 17:26:49.467+0000 INFO [o.n.i.d.DiagnosticsManager] C:\Program Files\Git\bin
2020-01-07 17:26:49.467+0000 INFO [o.n.i.d.DiagnosticsManager] C:\Program Files\Git\cmd
2020-01-07 17:26:49.468+0000 INFO [o.n.i.d.DiagnosticsManager] C:\Users\Karol\AppData\Local\Programs\Fiddler
2020-01-07 17:26:49.468+0000 INFO [o.n.i.d.DiagnosticsManager] C:\Program Files\JetBrains\IntelliJ IDEA 2019.2\bin
2020-01-07 17:26:49.468+0000 INFO [o.n.i.d.DiagnosticsManager] C:\MtxViewer
2020-01-07 17:26:49.468+0000 INFO [o.n.i.d.DiagnosticsManager] C:\MtxViewer
2020-01-07 17:26:49.469+0000 INFO [o.n.i.d.DiagnosticsManager] System.properties:
2020-01-07 17:26:49.469+0000 INFO [o.n.i.d.DiagnosticsManager] javafx.version = 8.0.201
2020-01-07 17:26:49.469+0000 INFO [o.n.i.d.DiagnosticsManager] sun.boot.library.path = C:\Program Files\Java\jdk1.8.0_201\jre\bin
2020-01-07 17:26:49.469+0000 INFO [o.n.i.d.DiagnosticsManager] path.separator = ;
2020-01-07 17:26:49.469+0000 INFO [o.n.i.d.DiagnosticsManager] file.encoding.pkg = sun.io
2020-01-07 17:26:49.469+0000 INFO [o.n.i.d.DiagnosticsManager] user.country = PL
2020-01-07 17:26:49.469+0000 INFO [o.n.i.d.DiagnosticsManager] user.script = 
2020-01-07 17:26:49.469+0000 INFO [o.n.i.d.DiagnosticsManager] sun.java.launcher = SUN_STANDARD
2020-01-07 17:26:49.469+0000 INFO [o.n.i.d.DiagnosticsManager] sun.os.patch.level = Service Pack 1
2020-01-07 17:26:49.469+0000 INFO [o.n.i.d.DiagnosticsManager] user.dir = C:\MtxViewer
2020-01-07 17:26:49.469+0000 INFO [o.n.i.d.DiagnosticsManager] javafx.runtime.version = 8.0.201-b08
2020-01-07 17:26:49.469+0000 INFO [o.n.i.d.DiagnosticsManager] user.variant = 
2020-01-07 17:26:49.469+0000 INFO [o.n.i.d.DiagnosticsManager] sun.jnu.encoding = Cp1250
2020-01-07 17:26:49.469+0000 INFO [o.n.i.d.DiagnosticsManager] sun.management.compiler = HotSpot 64-Bit Tiered Compilers
2020-01-07 17:26:49.469+0000 INFO [o.n.i.d.DiagnosticsManager] user.home = C:\Users\Karol
2020-01-07 17:26:49.469+0000 INFO [o.n.i.d.DiagnosticsManager] user.timezone = Europe/Belgrade
2020-01-07 17:26:49.469+0000 INFO [o.n.i.d.DiagnosticsManager] file.encoding = UTF-8
2020-01-07 17:26:49.469+0000 INFO [o.n.i.d.DiagnosticsManager] user.name = Karol
2020-01-07 17:26:49.469+0000 INFO [o.n.i.d.DiagnosticsManager] sun.java.command = main.MainWindow
2020-01-07 17:26:49.469+0000 INFO [o.n.i.d.DiagnosticsManager] sun.arch.data.model = 64
2020-01-07 17:26:49.469+0000 INFO [o.n.i.d.DiagnosticsManager] user.language = pl
2020-01-07 17:26:49.469+0000 INFO [o.n.i.d.DiagnosticsManager] awt.toolkit = sun.awt.windows.WToolkit
2020-01-07 17:26:49.469+0000 INFO [o.n.i.d.DiagnosticsManager] file.separator = \
2020-01-07 17:26:49.469+0000 INFO [o.n.i.d.DiagnosticsManager] sun.io.unicode.encoding = UnicodeLittle
2020-01-07 17:26:49.469+0000 INFO [o.n.i.d.DiagnosticsManager] sun.cpu.endian = little
2020-01-07 17:26:49.469+0000 INFO [o.n.i.d.DiagnosticsManager] sun.desktop = windows
2020-01-07 17:26:49.469+0000 INFO [o.n.i.d.DiagnosticsManager] sun.cpu.isalist = amd64
2020-01-07 17:26:49.469+0000 INFO [o.n.i.d.DiagnosticsManager] (IANA) TimeZone Database Version:
2020-01-07 17:26:49.490+0000 INFO [o.n.i.d.DiagnosticsManager]   TimeZone version: 2018g (available for 599 zone identifiers)
2020-01-07 17:26:49.490+0000 INFO [o.n.i.d.DiagnosticsManager] Network information:
2020-01-07 17:26:49.632+0000 INFO [o.n.i.d.DiagnosticsManager] Interface Software Loopback Interface 1:
2020-01-07 17:26:49.645+0000 INFO [o.n.i.d.DiagnosticsManager]     address: 127.0.0.1
2020-01-07 17:26:49.645+0000 INFO [o.n.i.d.DiagnosticsManager]     address: 0:0:0:0:0:0:0:1
2020-01-07 17:26:49.645+0000 INFO [o.n.i.d.DiagnosticsManager] Interface WAN Miniport (SSTP):
2020-01-07 17:26:49.645+0000 INFO [o.n.i.d.DiagnosticsManager] Interface WAN Miniport (L2TP):
2020-01-07 17:26:49.645+0000 INFO [o.n.i.d.DiagnosticsManager] Interface WAN Miniport (PPTP):
2020-01-07 17:26:49.645+0000 INFO [o.n.i.d.DiagnosticsManager] Interface WAN Miniport (PPPOE):
2020-01-07 17:26:49.646+0000 INFO [o.n.i.d.DiagnosticsManager] Interface WAN Miniport (IPv6):
2020-01-07 17:26:49.646+0000 INFO [o.n.i.d.DiagnosticsManager] Interface WAN Miniport (Network Monitor):
2020-01-07 17:26:49.646+0000 INFO [o.n.i.d.DiagnosticsManager] Interface WAN Miniport (IP):
2020-01-07 17:26:49.646+0000 INFO [o.n.i.d.DiagnosticsManager] Interface RAS Async Adapter:
2020-01-07 17:26:49.646+0000 INFO [o.n.i.d.DiagnosticsManager] Interface WAN Miniport (IKEv2):
2020-01-07 17:26:49.646+0000 INFO [o.n.i.d.DiagnosticsManager] Interface Intel(R) Ethernet Connection I217-LM:
2020-01-07 17:26:49.646+0000 INFO [o.n.i.d.DiagnosticsManager]     address: fe80:0:0:0:f5fd:ea92:a57e:f37%eth3
2020-01-07 17:26:49.646+0000 INFO [o.n.i.d.DiagnosticsManager] Interface Dell Wireless 1506 802.11b/g/n (2.4GHz):
2020-01-07 17:26:49.646+0000 INFO [o.n.i.d.DiagnosticsManager] Interface Remote NDIS based Internet Sharing Device:
2020-01-07 17:26:49.646+0000 INFO [o.n.i.d.DiagnosticsManager] Interface Karta Microsoft ISATAP #4:
2020-01-07 17:26:49.646+0000 INFO [o.n.i.d.DiagnosticsManager] Interface Karta Microsoft ISATAP #3:
2020-01-07 17:26:49.646+0000 INFO [o.n.i.d.DiagnosticsManager] Interface TAP-Windows Adapter V9:
2020-01-07 17:26:49.646+0000 INFO [o.n.i.d.DiagnosticsManager]     address: fe80:0:0:0:34de:7e:7b74:5ceb%eth5
2020-01-07 17:26:49.646+0000 INFO [o.n.i.d.DiagnosticsManager] Interface Urządzenie Bluetooth (Protokół TDI RFCOMM):
2020-01-07 17:26:49.646+0000 INFO [o.n.i.d.DiagnosticsManager] Interface Urządzenie Bluetooth (sieć osobista):
2020-01-07 17:26:49.646+0000 INFO [o.n.i.d.DiagnosticsManager]     address: fe80:0:0:0:2522:233c:95ce:7b77%eth6
2020-01-07 17:26:49.646+0000 INFO [o.n.i.d.DiagnosticsManager] Interface Karta Microsoft ISATAP:
2020-01-07 17:26:49.646+0000 INFO [o.n.i.d.DiagnosticsManager] Interface Npcap Loopback Adapter:
2020-01-07 17:26:49.646+0000 INFO [o.n.i.d.DiagnosticsManager]     address: 169.254.247.172
2020-01-07 17:26:49.646+0000 INFO [o.n.i.d.DiagnosticsManager]     address: fe80:0:0:0:6cd3:e6f5:e7a5:f7ac%eth7
2020-01-07 17:26:49.646+0000 INFO [o.n.i.d.DiagnosticsManager] Interface Intel(R) Centrino(R) Advanced-N 6235:
2020-01-07 17:26:49.646+0000 INFO [o.n.i.d.DiagnosticsManager]     address: 192.168.1.2
2020-01-07 17:26:49.646+0000 INFO [o.n.i.d.DiagnosticsManager]     address: fe80:0:0:0:d948:eec0:9cb4:dc18%wlan1
2020-01-07 17:26:49.646+0000 INFO [o.n.i.d.DiagnosticsManager] Interface Microsoft Virtual WiFi Miniport Adapter #2:
2020-01-07 17:26:49.647+0000 INFO [o.n.i.d.DiagnosticsManager]     address: fe80:0:0:0:9803:bef7:3d4c:abad%wlan2
2020-01-07 17:26:49.647+0000 INFO [o.n.i.d.DiagnosticsManager] Interface Intel(R) Ethernet Connection I217-LM-Npcap Packet Driver (NPCAP)-0000:
2020-01-07 17:26:49.647+0000 INFO [o.n.i.d.DiagnosticsManager] Interface Intel(R) Ethernet Connection I217-LM-QoS Packet Scheduler-0000:
2020-01-07 17:26:49.647+0000 INFO [o.n.i.d.DiagnosticsManager] Interface Intel(R) Ethernet Connection I217-LM-WFP LightWeight Filter-0000:
2020-01-07 17:26:49.647+0000 INFO [o.n.i.d.DiagnosticsManager] Interface Intel(R) Centrino(R) Advanced-N 6235-Npcap Packet Driver (NPCAP)-0000:
2020-01-07 17:26:49.647+0000 INFO [o.n.i.d.DiagnosticsManager] Interface Intel(R) Centrino(R) Advanced-N 6235-QoS Packet Scheduler-0000:
2020-01-07 17:26:49.647+0000 INFO [o.n.i.d.DiagnosticsManager] Interface Intel(R) Centrino(R) Advanced-N 6235-Virtual WiFi Filter Driver-0000:
2020-01-07 17:26:49.647+0000 INFO [o.n.i.d.DiagnosticsManager] Interface WAN Miniport (Network Monitor)-Npcap Packet Driver (NPCAP)-0000:
2020-01-07 17:26:49.647+0000 INFO [o.n.i.d.DiagnosticsManager] Interface WAN Miniport (Network Monitor)-QoS Packet Scheduler-0000:
2020-01-07 17:26:49.647+0000 INFO [o.n.i.d.DiagnosticsManager] Interface WAN Miniport (IP)-Npcap Packet Driver (NPCAP)-0000:
2020-01-07 17:26:49.647+0000 INFO [o.n.i.d.DiagnosticsManager] Interface WAN Miniport (IP)-QoS Packet Scheduler-0000:
2020-01-07 17:26:49.647+0000 INFO [o.n.i.d.DiagnosticsManager] Interface WAN Miniport (IPv6)-Npcap Packet Driver (NPCAP)-0000:
2020-01-07 17:26:49.647+0000 INFO [o.n.i.d.DiagnosticsManager] Interface WAN Miniport (IPv6)-QoS Packet Scheduler-0000:
2020-01-07 17:26:49.647+0000 INFO [o.n.i.d.DiagnosticsManager] Interface TAP-Windows Adapter V9-Npcap Packet Driver (NPCAP)-0000:
2020-01-07 17:26:49.647+0000 INFO [o.n.i.d.DiagnosticsManager] Interface TAP-Windows Adapter V9-QoS Packet Scheduler-0000:
2020-01-07 17:26:49.647+0000 INFO [o.n.i.d.DiagnosticsManager] Interface TAP-Windows Adapter V9-WFP LightWeight Filter-0000:
2020-01-07 17:26:49.647+0000 INFO [o.n.i.d.DiagnosticsManager] Interface Npcap Loopback Adapter-Npcap Packet Driver (NPCAP)-0000:
2020-01-07 17:26:49.647+0000 INFO [o.n.i.d.DiagnosticsManager] Interface Npcap Loopback Adapter-QoS Packet Scheduler-0000:
2020-01-07 17:26:49.647+0000 INFO [o.n.i.d.DiagnosticsManager] Interface Npcap Loopback Adapter-WFP LightWeight Filter-0000:
2020-01-07 17:26:49.647+0000 INFO [o.n.i.d.DiagnosticsManager] Interface Urządzenie Bluetooth (sieć osobista)-Npcap Packet Driver (NPCAP)-0000:
2020-01-07 17:26:49.647+0000 INFO [o.n.i.d.DiagnosticsManager] Interface Intel(R) Centrino(R) Advanced-N 6235-Native WiFi Filter Driver-0000:
2020-01-07 17:26:49.647+0000 INFO [o.n.i.d.DiagnosticsManager] Interface Intel(R) Centrino(R) Advanced-N 6235-WFP LightWeight Filter-0000:
2020-01-07 17:26:49.647+0000 INFO [o.n.i.d.DiagnosticsManager] Interface Microsoft Virtual WiFi Miniport Adapter #2-Native WiFi Filter Driver-0000:
2020-01-07 17:26:49.647+0000 INFO [o.n.i.d.DiagnosticsManager] Interface Microsoft Virtual WiFi Miniport Adapter #2-Npcap Packet Driver (NPCAP)-0000:
2020-01-07 17:26:49.647+0000 INFO [o.n.i.d.DiagnosticsManager] Interface Microsoft Virtual WiFi Miniport Adapter #2-QoS Packet Scheduler-0000:
2020-01-07 17:26:49.647+0000 INFO [o.n.i.d.DiagnosticsManager] Interface Microsoft Virtual WiFi Miniport Adapter #2-WFP LightWeight Filter-0000:
2020-01-07 17:26:49.647+0000 INFO [o.n.i.d.DiagnosticsManager] --- INITIALIZED diagnostics END ---
2020-01-07 17:26:50.102+0000 INFO [o.n.k.i.s.f.RecordFormatSelector] Selected format 'RecordFormat:StandardV3_4[v0.A.9]' for the new store
2020-01-07 17:26:52.298+0000 INFO [o.n.k.i.i.l.NativeLabelScanStore] No label index found, this might just be first use. Preparing to rebuild.
2020-01-07 17:26:52.529+0000 INFO [o.n.k.NeoStoreDataSource] Rotated to transaction log [C:\MtxViewer\tymczasowaBazaGrafowa\neostore.transaction.db.0] version=0, last transaction in previous log=1
2020-01-07 17:26:52.532+0000 INFO [o.n.k.NeoStoreDataSource] No commits found after last check point (which is at <no log position given>)
2020-01-07 17:26:52.570+0000 WARN [o.n.k.i.s.MetaDataStore] Missing counts store, rebuilding it.
2020-01-07 17:26:52.614+0000 WARN [o.n.k.i.s.MetaDataStore] Counts store rebuild completed.
2020-01-07 17:26:52.683+0000 INFO [o.n.k.i.i.l.NativeLabelScanStore] Rebuilding label index, this may take a while
2020-01-07 17:26:53.111+0000 INFO [o.n.k.i.i.l.NativeLabelScanStore] Label index rebuilt (roughly 0 nodes)
2020-01-07 17:26:53.182+0000 INFO [o.n.i.d.DiagnosticsManager] --- STARTED diagnostics for KernelDiagnostics:Versions START ---
2020-01-07 17:26:53.183+0000 INFO [o.n.i.d.DiagnosticsManager] Graph Database: community single StoreId{creationTime=1578418010614, randomId=3817078564716466498, storeVersion=16094931155187206, upgradeTime=1578418010614, upgradeId=1}
2020-01-07 17:26:53.184+0000 INFO [o.n.i.d.DiagnosticsManager] Kernel version: 3.5.12,f4f02a725dc05d043a71684ce5d6f22f0c323378
2020-01-07 17:26:53.184+0000 INFO [o.n.i.d.DiagnosticsManager] --- STARTED diagnostics for KernelDiagnostics:Versions END ---
2020-01-07 17:26:53.189+0000 INFO [o.n.i.d.DiagnosticsManager] --- STARTED diagnostics for NEO_STORE_VERSIONS START ---
2020-01-07 17:26:53.190+0000 INFO [o.n.i.d.DiagnosticsManager] Store versions:
2020-01-07 17:26:53.190+0000 INFO [o.n.i.d.DiagnosticsManager]   ArrayPropertyStore v0.A.9
2020-01-07 17:26:53.191+0000 INFO [o.n.i.d.DiagnosticsManager]   NodeStore v0.A.9
2020-01-07 17:26:53.191+0000 INFO [o.n.i.d.DiagnosticsManager]   StringPropertyStore v0.A.9
2020-01-07 17:26:53.192+0000 INFO [o.n.i.d.DiagnosticsManager]   PropertyIndexStore v0.A.9
2020-01-07 17:26:53.192+0000 INFO [o.n.i.d.DiagnosticsManager]   StringPropertyStore v0.A.9
2020-01-07 17:26:53.193+0000 INFO [o.n.i.d.DiagnosticsManager]   ArrayPropertyStore v0.A.9
2020-01-07 17:26:53.193+0000 INFO [o.n.i.d.DiagnosticsManager]   PropertyStore v0.A.9
2020-01-07 17:26:53.193+0000 INFO [o.n.i.d.DiagnosticsManager]   RelationshipStore v0.A.9
2020-01-07 17:26:53.194+0000 INFO [o.n.i.d.DiagnosticsManager]   StringPropertyStore v0.A.9
2020-01-07 17:26:53.194+0000 INFO [o.n.i.d.DiagnosticsManager]   RelationshipTypeStore v0.A.9
2020-01-07 17:26:53.195+0000 INFO [o.n.i.d.DiagnosticsManager]   StringPropertyStore v0.A.9
2020-01-07 17:26:53.195+0000 INFO [o.n.i.d.DiagnosticsManager]   LabelTokenStore v0.A.9
2020-01-07 17:26:53.196+0000 INFO [o.n.i.d.DiagnosticsManager]   SchemaStore v0.A.9
2020-01-07 17:26:53.196+0000 INFO [o.n.i.d.DiagnosticsManager]   RelationshipGroupStore v0.A.9
2020-01-07 17:26:53.196+0000 INFO [o.n.i.d.DiagnosticsManager]   NeoStore v0.A.9
2020-01-07 17:26:53.197+0000 INFO [o.n.i.d.DiagnosticsManager] --- STARTED diagnostics for NEO_STORE_VERSIONS END ---
2020-01-07 17:26:53.197+0000 INFO [o.n.i.d.DiagnosticsManager] --- STARTED diagnostics for NEO_STORE_ID_USAGE START ---
2020-01-07 17:26:53.198+0000 INFO [o.n.i.d.DiagnosticsManager] Id usage:
2020-01-07 17:26:53.199+0000 INFO [o.n.i.d.DiagnosticsManager]   ArrayPropertyStore: used=1 high=0
2020-01-07 17:26:53.199+0000 INFO [o.n.i.d.DiagnosticsManager]   NodeStore: used=0 high=-1
2020-01-07 17:26:53.199+0000 INFO [o.n.i.d.DiagnosticsManager]   StringPropertyStore: used=1 high=0
2020-01-07 17:26:53.200+0000 INFO [o.n.i.d.DiagnosticsManager]   PropertyIndexStore: used=0 high=-1
2020-01-07 17:26:53.200+0000 INFO [o.n.i.d.DiagnosticsManager]   StringPropertyStore: used=1 high=0
2020-01-07 17:26:53.201+0000 INFO [o.n.i.d.DiagnosticsManager]   ArrayPropertyStore: used=1 high=0
2020-01-07 17:26:53.201+0000 INFO [o.n.i.d.DiagnosticsManager]   PropertyStore: used=0 high=-1
2020-01-07 17:26:53.202+0000 INFO [o.n.i.d.DiagnosticsManager]   RelationshipStore: used=0 high=-1
2020-01-07 17:26:53.202+0000 INFO [o.n.i.d.DiagnosticsManager]   StringPropertyStore: used=1 high=0
2020-01-07 17:26:53.203+0000 INFO [o.n.i.d.DiagnosticsManager]   RelationshipTypeStore: used=0 high=-1
2020-01-07 17:26:53.203+0000 INFO [o.n.i.d.DiagnosticsManager]   StringPropertyStore: used=1 high=0
2020-01-07 17:26:53.203+0000 INFO [o.n.i.d.DiagnosticsManager]   LabelTokenStore: used=0 high=-1
2020-01-07 17:26:53.204+0000 INFO [o.n.i.d.DiagnosticsManager]   SchemaStore: used=1 high=0
2020-01-07 17:26:53.204+0000 INFO [o.n.i.d.DiagnosticsManager]   RelationshipGroupStore: used=1 high=0
2020-01-07 17:26:53.205+0000 INFO [o.n.i.d.DiagnosticsManager]   NeoStore: used=15 high=14
2020-01-07 17:26:53.205+0000 INFO [o.n.i.d.DiagnosticsManager] --- STARTED diagnostics for NEO_STORE_ID_USAGE END ---
2020-01-07 17:26:53.206+0000 INFO [o.n.i.d.DiagnosticsManager] --- STARTED diagnostics for NEO_STORE_RECORDS START ---
2020-01-07 17:26:53.206+0000 INFO [o.n.i.d.DiagnosticsManager] Neostore records:
2020-01-07 17:26:53.341+0000 INFO [o.n.i.d.DiagnosticsManager] TIME (Creation time): 1578418010614
2020-01-07 17:26:53.342+0000 INFO [o.n.i.d.DiagnosticsManager] RANDOM_NUMBER (Random number for store id): 3817078564716466498
2020-01-07 17:26:53.342+0000 INFO [o.n.i.d.DiagnosticsManager] LOG_VERSION (Current log version): 0
2020-01-07 17:26:53.343+0000 INFO [o.n.i.d.DiagnosticsManager] LAST_TRANSACTION_ID (Last committed transaction): 1
2020-01-07 17:26:53.344+0000 INFO [o.n.i.d.DiagnosticsManager] STORE_VERSION (Store format version): 16094931155187206
2020-01-07 17:26:53.345+0000 INFO [o.n.i.d.DiagnosticsManager] FIRST_GRAPH_PROPERTY (First property record containing graph properties): -1
2020-01-07 17:26:53.346+0000 INFO [o.n.i.d.DiagnosticsManager] LAST_CONSTRAINT_TRANSACTION (Last committed transaction containing constraint changes): 0
2020-01-07 17:26:53.347+0000 INFO [o.n.i.d.DiagnosticsManager] UPGRADE_TRANSACTION_ID (Transaction id most recent upgrade was performed at): 1
2020-01-07 17:26:53.348+0000 INFO [o.n.i.d.DiagnosticsManager] UPGRADE_TIME (Time of last upgrade): 1578418010614
2020-01-07 17:26:53.348+0000 INFO [o.n.i.d.DiagnosticsManager] LAST_TRANSACTION_CHECKSUM (Checksum of last committed transaction): 0
2020-01-07 17:26:53.349+0000 INFO [o.n.i.d.DiagnosticsManager] UPGRADE_TRANSACTION_CHECKSUM (Checksum of transaction id the most recent upgrade was performed at): 0
2020-01-07 17:26:53.349+0000 INFO [o.n.i.d.DiagnosticsManager] LAST_CLOSED_TRANSACTION_LOG_VERSION (Log version where the last transaction commit entry has been written into): 0
2020-01-07 17:26:53.350+0000 INFO [o.n.i.d.DiagnosticsManager] LAST_CLOSED_TRANSACTION_LOG_BYTE_OFFSET (Byte offset in the log file where the last transaction commit entry has been written into): 16
2020-01-07 17:26:53.350+0000 INFO [o.n.i.d.DiagnosticsManager] LAST_TRANSACTION_COMMIT_TIMESTAMP (Commit time timestamp for last committed transaction): 0
2020-01-07 17:26:53.351+0000 INFO [o.n.i.d.DiagnosticsManager] UPGRADE_TRANSACTION_COMMIT_TIMESTAMP (Commit timestamp of transaction the most recent upgrade was performed at): 0
2020-01-07 17:26:53.351+0000 INFO [o.n.i.d.DiagnosticsManager] --- STARTED diagnostics for NEO_STORE_RECORDS END ---
2020-01-07 17:26:53.354+0000 INFO [o.n.i.d.DiagnosticsManager] --- STARTED diagnostics for TRANSACTION_RANGE START ---
2020-01-07 17:26:53.354+0000 INFO [o.n.i.d.DiagnosticsManager] Transaction log:
2020-01-07 17:26:53.356+0000 INFO [o.n.i.d.DiagnosticsManager] No transactions found in any log
2020-01-07 17:26:53.357+0000 INFO [o.n.i.d.DiagnosticsManager] --- STARTED diagnostics for TRANSACTION_RANGE END ---
2020-01-07 17:26:53.408+0000 INFO [o.n.i.d.DiagnosticsManager] --- STARTED diagnostics for KernelDiagnostics:StoreFiles START ---
2020-01-07 17:26:53.409+0000 INFO [o.n.i.d.DiagnosticsManager] Disk space on partition (Total / Free / Free %): 485423575040 / 200498274304 / 41
2020-01-07 17:26:53.410+0000 INFO [o.n.i.d.DiagnosticsManager] Storage files: (filename : modification date - size)
2020-01-07 17:26:53.412+0000 INFO [o.n.i.d.DiagnosticsManager]   index:
2020-01-07 17:26:53.413+0000 INFO [o.n.i.d.DiagnosticsManager]   - Total: 2020-01-07T18:26:52+0100 - 0.00 B
2020-01-07 17:26:53.414+0000 INFO [o.n.i.d.DiagnosticsManager]   neostore: 2020-01-07T18:26:50+0100 - 8.00 kB
2020-01-07 17:26:53.414+0000 INFO [o.n.i.d.DiagnosticsManager]   neostore.counts.db.a: 2020-01-07T18:26:52+0100 - 96.00 B
2020-01-07 17:26:53.415+0000 INFO [o.n.i.d.DiagnosticsManager]   neostore.id: 2020-01-07T18:26:50+0100 - 9.00 B
2020-01-07 17:26:53.415+0000 INFO [o.n.i.d.DiagnosticsManager]   neostore.labelscanstore.db: 2020-01-07T18:26:53+0100 - 40.00 kB
2020-01-07 17:26:53.415+0000 INFO [o.n.i.d.DiagnosticsManager]   neostore.labeltokenstore.db: 2020-01-07T18:26:50+0100 - 0.00 B
2020-01-07 17:26:53.416+0000 INFO [o.n.i.d.DiagnosticsManager]   neostore.labeltokenstore.db.id: 2020-01-07T18:26:50+0100 - 9.00 B
2020-01-07 17:26:53.416+0000 INFO [o.n.i.d.DiagnosticsManager]   neostore.labeltokenstore.db.names: 2020-01-07T18:26:50+0100 - 8.00 kB
2020-01-07 17:26:53.417+0000 INFO [o.n.i.d.DiagnosticsManager]   neostore.labeltokenstore.db.names.id: 2020-01-07T18:26:50+0100 - 9.00 B
2020-01-07 17:26:53.417+0000 INFO [o.n.i.d.DiagnosticsManager]   neostore.nodestore.db: 2020-01-07T18:26:50+0100 - 0.00 B
2020-01-07 17:26:53.417+0000 INFO [o.n.i.d.DiagnosticsManager]   neostore.nodestore.db.id: 2020-01-07T18:26:50+0100 - 9.00 B
2020-01-07 17:26:53.418+0000 INFO [o.n.i.d.DiagnosticsManager]   neostore.nodestore.db.labels: 2020-01-07T18:26:50+0100 - 8.00 kB
2020-01-07 17:26:53.418+0000 INFO [o.n.i.d.DiagnosticsManager]   neostore.nodestore.db.labels.id: 2020-01-07T18:26:50+0100 - 9.00 B
2020-01-07 17:26:53.419+0000 INFO [o.n.i.d.DiagnosticsManager]   neostore.propertystore.db: 2020-01-07T18:26:50+0100 - 0.00 B
2020-01-07 17:26:53.419+0000 INFO [o.n.i.d.DiagnosticsManager]   neostore.propertystore.db.arrays: 2020-01-07T18:26:50+0100 - 8.00 kB
2020-01-07 17:26:53.420+0000 INFO [o.n.i.d.DiagnosticsManager]   neostore.propertystore.db.arrays.id: 2020-01-07T18:26:50+0100 - 9.00 B
2020-01-07 17:26:53.420+0000 INFO [o.n.i.d.DiagnosticsManager]   neostore.propertystore.db.id: 2020-01-07T18:26:50+0100 - 9.00 B
2020-01-07 17:26:53.420+0000 INFO [o.n.i.d.DiagnosticsManager]   neostore.propertystore.db.index: 2020-01-07T18:26:50+0100 - 0.00 B
2020-01-07 17:26:53.421+0000 INFO [o.n.i.d.DiagnosticsManager]   neostore.propertystore.db.index.id: 2020-01-07T18:26:50+0100 - 9.00 B
2020-01-07 17:26:53.421+0000 INFO [o.n.i.d.DiagnosticsManager]   neostore.propertystore.db.index.keys: 2020-01-07T18:26:50+0100 - 8.00 kB
2020-01-07 17:26:53.422+0000 INFO [o.n.i.d.DiagnosticsManager]   neostore.propertystore.db.index.keys.id: 2020-01-07T18:26:50+0100 - 9.00 B
2020-01-07 17:26:53.422+0000 INFO [o.n.i.d.DiagnosticsManager]   neostore.propertystore.db.strings: 2020-01-07T18:26:50+0100 - 8.00 kB
2020-01-07 17:26:53.422+0000 INFO [o.n.i.d.DiagnosticsManager]   neostore.propertystore.db.strings.id: 2020-01-07T18:26:50+0100 - 9.00 B
2020-01-07 17:26:53.423+0000 INFO [o.n.i.d.DiagnosticsManager]   neostore.relationshipgroupstore.db: 2020-01-07T18:26:50+0100 - 8.00 kB
2020-01-07 17:26:53.423+0000 INFO [o.n.i.d.DiagnosticsManager]   neostore.relationshipgroupstore.db.id: 2020-01-07T18:26:50+0100 - 9.00 B
2020-01-07 17:26:53.424+0000 INFO [o.n.i.d.DiagnosticsManager]   neostore.relationshipstore.db: 2020-01-07T18:26:50+0100 - 0.00 B
2020-01-07 17:26:53.424+0000 INFO [o.n.i.d.DiagnosticsManager]   neostore.relationshipstore.db.id: 2020-01-07T18:26:50+0100 - 9.00 B
2020-01-07 17:26:53.424+0000 INFO [o.n.i.d.DiagnosticsManager]   neostore.relationshiptypestore.db: 2020-01-07T18:26:50+0100 - 0.00 B
2020-01-07 17:26:53.425+0000 INFO [o.n.i.d.DiagnosticsManager]   neostore.relationshiptypestore.db.id: 2020-01-07T18:26:50+0100 - 9.00 B
2020-01-07 17:26:53.425+0000 INFO [o.n.i.d.DiagnosticsManager]   neostore.relationshiptypestore.db.names: 2020-01-07T18:26:50+0100 - 8.00 kB
2020-01-07 17:26:53.425+0000 INFO [o.n.i.d.DiagnosticsManager]   neostore.relationshiptypestore.db.names.id: 2020-01-07T18:26:50+0100 - 9.00 B
2020-01-07 17:26:53.426+0000 INFO [o.n.i.d.DiagnosticsManager]   neostore.schemastore.db: 2020-01-07T18:26:50+0100 - 8.00 kB
2020-01-07 17:26:53.426+0000 INFO [o.n.i.d.DiagnosticsManager]   neostore.schemastore.db.id: 2020-01-07T18:26:50+0100 - 9.00 B
2020-01-07 17:26:53.427+0000 INFO [o.n.i.d.DiagnosticsManager]   neostore.transaction.db.0: 2020-01-07T18:26:52+0100 - 16.00 B
2020-01-07 17:26:53.427+0000 INFO [o.n.i.d.DiagnosticsManager] Storage summary: 
2020-01-07 17:26:53.427+0000 INFO [o.n.i.d.DiagnosticsManager]   Total size of store: 112.24 kB
2020-01-07 17:26:53.427+0000 INFO [o.n.i.d.DiagnosticsManager]   Total size of mapped files: 112.00 kB
2020-01-07 17:26:53.427+0000 INFO [o.n.i.d.DiagnosticsManager] --- STARTED diagnostics for KernelDiagnostics:StoreFiles END ---
2020-01-07 17:26:53.428+0000 INFO [o.n.k.a.DatabaseAvailabilityGuard] Fulfilling of requirement 'Database available' makes database tymczasowaBazaGrafowa available.
2020-01-07 17:26:53.428+0000 INFO [o.n.k.a.DatabaseAvailabilityGuard] Database tymczasowaBazaGrafowa is ready.
2020-01-07 17:26:53.428+0000 INFO [o.n.k.i.DatabaseHealth] Database health set to OK
2020-01-07 17:26:53.806+0000 WARN [o.n.k.i.c.VmPauseMonitorComponent] Detected VM stop-the-world pause: {pauseTime=161, gcTime=0, gcCount=0}
2020-01-07 17:26:58.462+0000 INFO [o.n.k.i.a.i.IndexPopulationJob] Index population started: [:Wierzcholek(value) [provider: {key=native-btree, version=1.0}]]
2020-01-07 17:26:58.748+0000 INFO [o.n.k.i.a.i.IndexPopulationJob] Completed node store scan. Flushing all pending updates.
BatchingMultipleIndexPopulator{activeTasks=0, executor=java.util.concurrent.ThreadPoolExecutor@4b861378[Running, pool size = 1, active threads = 0, queued tasks = 0, completed tasks = 1], batchedUpdates = [0 updates], queuedUpdates = 0}
2020-01-07 17:26:58.846+0000 INFO [o.n.k.i.a.i.IndexPopulationJob] Index creation finished. Index [:Wierzcholek(value) [provider: {key=native-btree, version=1.0}]] is ONLINE.
2020-01-07 17:26:58.849+0000 INFO [o.n.k.i.a.i.IndexPopulationJob] TIME/PHASE Final: WRITE[totalTime=46ms], FLIP[totalTime=80ms]
2020-01-07 17:26:58.849+0000 INFO [o.n.k.i.a.i.IndexPopulationJob] Shutting down executor.
BatchingMultipleIndexPopulator{activeTasks=0, executor=java.util.concurrent.ThreadPoolExecutor@4b861378[Running, pool size = 2, active threads = 0, queued tasks = 0, completed tasks = 2], batchedUpdates = [], queuedUpdates = 0}
